<?xml version="1.0" encoding="UTF-8"?>
<testng-results skipped="0" failed="0" ignored="0" total="1" passed="1">
  <reporter-output>
  </reporter-output>
  <suite name="Default suite" duration-ms="625" started-at="2018-05-14T13:17:16Z" finished-at="2018-05-14T13:17:17Z">
    <groups>
    </groups>
    <test name="Default test" duration-ms="625" started-at="2018-05-14T13:17:16Z" finished-at="2018-05-14T13:17:17Z">
      <class name="be.iesca.aeroglide.test.TestNG_VolDaoImpl">
        <test-method status="PASS" signature="init()[pri:0, instance:be.iesca.aeroglide.test.TestNG_VolDaoImpl@51565ec2]" name="init" is-config="true" duration-ms="16" started-at="2018-05-14T15:17:16Z" finished-at="2018-05-14T15:17:16Z">
          <reporter-output>
          </reporter-output>
        </test-method> <!-- init -->
        <test-method status="PASS" signature="testEnregistrerVol()[pri:0, instance:be.iesca.aeroglide.test.TestNG_VolDaoImpl@51565ec2]" name="testEnregistrerVol" duration-ms="593" started-at="2018-05-14T15:17:16Z" finished-at="2018-05-14T15:17:17Z">
          <reporter-output>
          </reporter-output>
        </test-method> <!-- testEnregistrerVol -->
      </class> <!-- be.iesca.aeroglide.test.TestNG_VolDaoImpl -->
    </test> <!-- Default test -->
  </suite> <!-- Default suite -->
</testng-results>
