<?xml version="1.0" encoding="UTF-8"?>
<testng-results skipped="0" failed="0" ignored="0" total="3" passed="3">
  <reporter-output>
  </reporter-output>
  <suite name="Default suite" duration-ms="677" started-at="2018-04-25T12:41:06Z" finished-at="2018-04-25T12:41:06Z">
    <groups>
    </groups>
    <test name="Default test" duration-ms="677" started-at="2018-04-25T12:41:06Z" finished-at="2018-04-25T12:41:06Z">
      <class name="be.iesca.aeroglide.test.TestNG_GestionPilotesImpl">
        <test-method status="PASS" signature="init()[pri:0, instance:be.iesca.aeroglide.test.TestNG_GestionPilotesImpl@675d3402]" name="init" is-config="true" duration-ms="593" started-at="2018-04-25T14:41:06Z" finished-at="2018-04-25T14:41:06Z">
          <reporter-output>
          </reporter-output>
        </test-method> <!-- init -->
        <test-method status="PASS" signature="testEnregistrerPilote()[pri:0, instance:be.iesca.aeroglide.test.TestNG_GestionPilotesImpl@675d3402]" name="testEnregistrerPilote" duration-ms="36" started-at="2018-04-25T14:41:06Z" finished-at="2018-04-25T14:41:06Z">
          <reporter-output>
          </reporter-output>
        </test-method> <!-- testEnregistrerPilote -->
        <test-method status="PASS" signature="testListerPilotes()[pri:0, instance:be.iesca.aeroglide.test.TestNG_GestionPilotesImpl@675d3402]" name="testListerPilotes" duration-ms="19" started-at="2018-04-25T14:41:06Z" depends-on-methods="be.iesca.aeroglide.test.TestNG_GestionPilotesImpl.testEnregistrerPilote" finished-at="2018-04-25T14:41:06Z">
          <reporter-output>
          </reporter-output>
        </test-method> <!-- testListerPilotes -->
        <test-method status="PASS" signature="testListerPilotesSoldeNegatif()[pri:0, instance:be.iesca.aeroglide.test.TestNG_GestionPilotesImpl@675d3402]" name="testListerPilotesSoldeNegatif" duration-ms="3" started-at="2018-04-25T14:41:06Z" depends-on-methods="be.iesca.aeroglide.test.TestNG_GestionPilotesImpl.testListerPilotes" finished-at="2018-04-25T14:41:06Z">
          <reporter-output>
          </reporter-output>
        </test-method> <!-- testListerPilotesSoldeNegatif -->
      </class> <!-- be.iesca.aeroglide.test.TestNG_GestionPilotesImpl -->
    </test> <!-- Default test -->
  </suite> <!-- Default suite -->
</testng-results>
