<?xml version="1.0" encoding="UTF-8"?>
<!-- Generated by org.testng.reporters.JUnitXMLReporter -->
<testsuite hostname="DESKTOP-U8KCQEQ" ignored="0" name="Default test" tests="3" failures="0" timestamp="25 avr. 2018 12:41:06 GMT" time="0.677" errors="0">
  <testcase name="testEnregistrerPilote" time="0.036" classname="be.iesca.aeroglide.test.TestNG_GestionPilotesImpl"/>
  <testcase name="testListerPilotes" time="0.019" classname="be.iesca.aeroglide.test.TestNG_GestionPilotesImpl"/>
  <testcase name="testListerPilotesSoldeNegatif" time="0.003" classname="be.iesca.aeroglide.test.TestNG_GestionPilotesImpl"/>
</testsuite> <!-- Default test -->
