<?xml version="1.0" encoding="UTF-8"?>
<!-- Generated by org.testng.reporters.JUnitXMLReporter -->
<testsuite hostname="PC-Olivier" name="tests des use cases" tests="10" failures="0" timestamp="22 Feb 2014 08:29:49 GMT" time="1.108" errors="0">
  <testcase name="testAjouter" time="0.063" classname="be.iesca.tests.TestNG_GestionBieres"/>
  <testcase name="testLister" time="0.0" classname="be.iesca.tests.TestNG_GestionBieres"/>
  <testcase name="testRechercher" time="0.0" classname="be.iesca.tests.TestNG_GestionBieres"/>
  <testcase name="testModifier" time="0.015" classname="be.iesca.tests.TestNG_GestionBieres"/>
  <testcase name="testSupprimer" time="0.016" classname="be.iesca.tests.TestNG_GestionBieres"/>
  <testcase name="testListeTriee" time="0.0" classname="be.iesca.tests.TestNG_GestionBieres"/>
  <testcase name="testConnecter2" time="0.032" classname="be.iesca.tests.TestNG_GestionUsers"/>
  <testcase name="testConnecter3" time="0.015" classname="be.iesca.tests.TestNG_GestionUsers"/>
  <testcase name="testConnecter1" time="0.031" classname="be.iesca.tests.TestNG_GestionUsers"/>
  <testcase name="testConnecter4" time="0.016" classname="be.iesca.tests.TestNG_GestionUsers"/>
</testsuite> <!-- tests des use cases -->
