<?xml version="1.0" encoding="UTF-8"?>
<!-- Generated by org.testng.reporters.JUnitXMLReporter -->
<testsuite hostname="PC-Olivier" name="tous" tests="40" failures="0" timestamp="15 Feb 2014 11:22:19 GMT" time="0.511" errors="0">
  <testcase name="testAjouter" time="0.02" classname="be.iesca.tests.TestNG_BiereDao"/>
  <testcase name="testAjouter" time="0.01" classname="be.iesca.tests.TestNG_GestionBieres"/>
  <testcase name="testAjouterBiere" time="0.0" classname="be.iesca.tests.TestNG_GestionnaireUseCases"/>
  <testcase name="testDeconnexion" time="0.0" classname="be.iesca.tests.TestNG_GestionnaireUseCases"/>
  <testcase name="testModifierBiere" time="0.0" classname="be.iesca.tests.TestNG_GestionnaireUseCases"/>
  <testcase name="testSupprimerBiere" time="0.0" classname="be.iesca.tests.TestNG_GestionnaireUseCases"/>
  <testcase name="testConnecter1" time="0.03" classname="be.iesca.tests.TestNG_GestionUsers"/>
  <testcase name="testConnecter2" time="0.03" classname="be.iesca.tests.TestNG_GestionUsers"/>
  <testcase name="testConnecter3" time="0.03" classname="be.iesca.tests.TestNG_GestionUsers"/>
  <testcase name="testConnecter4" time="0.03" classname="be.iesca.tests.TestNG_GestionUsers"/>
  <testcase name="testMock1" time="0.0" classname="be.iesca.tests.TestNG_Parser"/>
  <testcase name="testMock2" time="0.0" classname="be.iesca.tests.TestNG_Parser"/>
  <testcase name="testMock3" time="0.01" classname="be.iesca.tests.TestNG_Parser"/>
  <testcase name="testMock4" time="0.0" classname="be.iesca.tests.TestNG_Parser"/>
  <testcase name="testMock5" time="0.0" classname="be.iesca.tests.TestNG_Parser"/>
  <testcase name="testMock6" time="0.0" classname="be.iesca.tests.TestNG_Parser"/>
  <testcase name="testMockPostgres1" time="0.01" classname="be.iesca.tests.TestNG_Parser"/>
  <testcase name="testPostgres1" time="0.0" classname="be.iesca.tests.TestNG_Parser"/>
  <testcase name="testPostgres2" time="0.01" classname="be.iesca.tests.TestNG_Parser"/>
  <testcase name="testPostgres3" time="0.0" classname="be.iesca.tests.TestNG_Parser"/>
  <testcase name="testPostgres4" time="0.0" classname="be.iesca.tests.TestNG_Parser"/>
  <testcase name="testPostgres5" time="0.0" classname="be.iesca.tests.TestNG_Parser"/>
  <testcase name="testPostgres6" time="0.0" classname="be.iesca.tests.TestNG_Parser"/>
  <testcase name="testPostgres7" time="0.0" classname="be.iesca.tests.TestNG_Parser"/>
  <testcase name="test1" time="0.03" classname="be.iesca.tests.TestNG_UserDao"/>
  <testcase name="test2" time="0.02" classname="be.iesca.tests.TestNG_UserDao"/>
  <testcase name="test3" time="0.03" classname="be.iesca.tests.TestNG_UserDao"/>
  <testcase name="test4" time="0.02" classname="be.iesca.tests.TestNG_UserDao"/>
  <testcase name="testLister" time="0.0" classname="be.iesca.tests.TestNG_BiereDao"/>
  <testcase name="testLister" time="0.0" classname="be.iesca.tests.TestNG_GestionBieres"/>
  <testcase name="testConnexion" time="0.02" classname="be.iesca.tests.TestNG_GestionnaireUseCases"/>
  <testcase name="testRechercher" time="0.01" classname="be.iesca.tests.TestNG_BiereDao"/>
  <testcase name="testRechercher" time="0.0" classname="be.iesca.tests.TestNG_GestionBieres"/>
  <testcase name="testReconnexion" time="0.03" classname="be.iesca.tests.TestNG_GestionnaireUseCases"/>
  <testcase name="testModifier" time="0.0" classname="be.iesca.tests.TestNG_BiereDao"/>
  <testcase name="testModifier" time="0.01" classname="be.iesca.tests.TestNG_GestionBieres"/>
  <testcase name="testSupprimer" time="0.0" classname="be.iesca.tests.TestNG_BiereDao"/>
  <testcase name="testSupprimer" time="0.0" classname="be.iesca.tests.TestNG_GestionBieres"/>
  <testcase name="testListeTriee" time="0.01" classname="be.iesca.tests.TestNG_BiereDao"/>
  <testcase name="testListeTriee" time="0.01" classname="be.iesca.tests.TestNG_GestionBieres"/>
</testsuite> <!-- tous -->
