<?xml version="1.0" encoding="UTF-8"?>
<!-- Generated by org.testng.reporters.JUnitXMLReporter -->
<testsuite hostname="PC-Olivier" name="tests gestionnaire de use cases" tests="11" failures="0" timestamp="15 Feb 2014 13:45:53 GMT" time="1.028" errors="0">
  <testcase name="testAjouterBiere" time="0.01" classname="be.iesca.tests.TestNG_GestionnaireUseCases"/>
  <testcase name="testDeconnexion" time="0.0" classname="be.iesca.tests.TestNG_GestionnaireUseCases"/>
  <testcase name="testListerBieres" time="0.0" classname="be.iesca.tests.TestNG_GestionnaireUseCases"/>
  <testcase name="testModifierBiere" time="0.0" classname="be.iesca.tests.TestNG_GestionnaireUseCases"/>
  <testcase name="testSupprimerBiere" time="0.01" classname="be.iesca.tests.TestNG_GestionnaireUseCases"/>
  <testcase name="testConnexion" time="0.03" classname="be.iesca.tests.TestNG_GestionnaireUseCases"/>
  <testcase name="testAjouterBiereUserConnecte" time="0.01" classname="be.iesca.tests.TestNG_GestionnaireUseCases"/>
  <testcase name="testReconnexion" time="0.0" classname="be.iesca.tests.TestNG_GestionnaireUseCases"/>
  <testcase name="testModifierBiereUserConnecte" time="0.01" classname="be.iesca.tests.TestNG_GestionnaireUseCases"/>
  <testcase name="testListeBieresUserConnecte" time="0.01" classname="be.iesca.tests.TestNG_GestionnaireUseCases"/>
  <testcase name="testSupprimerBiereUserConnecte" time="0.0" classname="be.iesca.tests.TestNG_GestionnaireUseCases"/>
</testsuite> <!-- tests gestionnaire de use cases -->
