<?xml version="1.0" encoding="UTF-8"?>
<testng-results skipped="0" failed="0" ignored="0" total="1" passed="1">
  <reporter-output>
  </reporter-output>
  <suite name="Default suite" duration-ms="624" started-at="2018-04-18T12:22:47Z" finished-at="2018-04-18T12:22:47Z">
    <groups>
    </groups>
    <test name="Default test" duration-ms="624" started-at="2018-04-18T12:22:47Z" finished-at="2018-04-18T12:22:47Z">
      <class name="be.iesca.aeroglide.test.TestNG_PiloteDaoImpl">
        <test-method status="PASS" signature="init()[pri:0, instance:be.iesca.aeroglide.test.TestNG_PiloteDaoImpl@4439f31e]" name="init" is-config="true" duration-ms="47" started-at="2018-04-18T14:22:47Z" finished-at="2018-04-18T14:22:47Z">
          <reporter-output>
          </reporter-output>
        </test-method> <!-- init -->
        <test-method status="PASS" signature="testEnregistrerPilote()[pri:0, instance:be.iesca.aeroglide.test.TestNG_PiloteDaoImpl@4439f31e]" name="testEnregistrerPilote" duration-ms="531" started-at="2018-04-18T14:22:47Z" finished-at="2018-04-18T14:22:47Z">
          <reporter-output>
          </reporter-output>
        </test-method> <!-- testEnregistrerPilote -->
      </class> <!-- be.iesca.aeroglide.test.TestNG_PiloteDaoImpl -->
    </test> <!-- Default test -->
  </suite> <!-- Default suite -->
</testng-results>
