<?xml version="1.0" encoding="UTF-8"?>
<!-- Generated by org.testng.reporters.JUnitXMLReporter -->
<testsuite hostname="DESKTOP-U8KCQEQ" ignored="0" name="Default test" tests="6" failures="0" timestamp="15 mai 2018 15:04:04 GMT" time="0.913" errors="0">
  <testcase name="testEnregistrerPilote" time="0.066" classname="be.iesca.aeroglide.test.TestNG_GestionPilotesImpl"/>
  <testcase name="testListerPilotes" time="0.007" classname="be.iesca.aeroglide.test.TestNG_GestionPilotesImpl"/>
  <testcase name="testListerPilotesSoldeNegatif" time="0.007" classname="be.iesca.aeroglide.test.TestNG_GestionPilotesImpl"/>
  <testcase name="testModifierPilotes" time="0.026" classname="be.iesca.aeroglide.test.TestNG_GestionPilotesImpl"/>
  <testcase name="testEnregistrerVol" time="0.039" classname="be.iesca.aeroglide.test.TestNG_GestionPilotesImpl"/>
  <testcase name="testListerVols" time="0.007" classname="be.iesca.aeroglide.test.TestNG_GestionPilotesImpl"/>
</testsuite> <!-- Default test -->
