<?xml version="1.0" encoding="UTF-8"?>
<!-- Generated by org.testng.reporters.JUnitXMLReporter -->
<testsuite hostname="PC-Olivier" name="2 tests" tests="12" failures="0" timestamp="15 Feb 2014 10:10:09 GMT" time="6.13" errors="0">
  <testcase name="testAjouter" time="0.454" classname="be.iesca.tests.TestNG_BiereDao"/>
  <testcase name="testLister" time="0.072" classname="be.iesca.tests.TestNG_BiereDao"/>
  <testcase name="testRechercher" time="0.41" classname="be.iesca.tests.TestNG_BiereDao"/>
  <testcase name="testModifier" time="0.212" classname="be.iesca.tests.TestNG_BiereDao"/>
  <testcase name="testSupprimer" time="0.604" classname="be.iesca.tests.TestNG_BiereDao"/>
  <testcase name="testListeTriee" time="0.308" classname="be.iesca.tests.TestNG_BiereDao"/>
  <testcase name="testAjouter" time="0.912" classname="be.iesca.tests.TestNG_GestionBieres"/>
  <testcase name="testLister" time="0.072" classname="be.iesca.tests.TestNG_GestionBieres"/>
  <testcase name="testRechercher" time="0.406" classname="be.iesca.tests.TestNG_GestionBieres"/>
  <testcase name="testModifier" time="0.336" classname="be.iesca.tests.TestNG_GestionBieres"/>
  <testcase name="testSupprimer" time="0.582" classname="be.iesca.tests.TestNG_GestionBieres"/>
  <testcase name="testListeTriee" time="0.5" classname="be.iesca.tests.TestNG_GestionBieres"/>
</testsuite> <!-- 2 tests -->
