<?xml version="1.0" encoding="UTF-8"?>
<testng-results skipped="0" failed="0" ignored="0" total="6" passed="6">
  <reporter-output>
  </reporter-output>
  <suite name="Default suite" duration-ms="913" started-at="2018-05-15T15:04:03Z" finished-at="2018-05-15T15:04:04Z">
    <groups>
    </groups>
    <test name="Default test" duration-ms="913" started-at="2018-05-15T15:04:03Z" finished-at="2018-05-15T15:04:04Z">
      <class name="be.iesca.aeroglide.test.TestNG_GestionPilotesImpl">
        <test-method status="PASS" signature="init()[pri:0, instance:be.iesca.aeroglide.test.TestNG_GestionPilotesImpl@675d3402]" name="init" is-config="true" duration-ms="676" started-at="2018-05-15T17:04:03Z" finished-at="2018-05-15T17:04:03Z">
          <reporter-output>
          </reporter-output>
        </test-method> <!-- init -->
        <test-method status="PASS" signature="testEnregistrerPilote()[pri:0, instance:be.iesca.aeroglide.test.TestNG_GestionPilotesImpl@675d3402]" name="testEnregistrerPilote" duration-ms="66" started-at="2018-05-15T17:04:03Z" finished-at="2018-05-15T17:04:04Z">
          <reporter-output>
          </reporter-output>
        </test-method> <!-- testEnregistrerPilote -->
        <test-method status="PASS" signature="testListerPilotes()[pri:0, instance:be.iesca.aeroglide.test.TestNG_GestionPilotesImpl@675d3402]" name="testListerPilotes" duration-ms="7" started-at="2018-05-15T17:04:04Z" depends-on-methods="be.iesca.aeroglide.test.TestNG_GestionPilotesImpl.testEnregistrerPilote" finished-at="2018-05-15T17:04:04Z">
          <reporter-output>
          </reporter-output>
        </test-method> <!-- testListerPilotes -->
        <test-method status="PASS" signature="testListerPilotesSoldeNegatif()[pri:0, instance:be.iesca.aeroglide.test.TestNG_GestionPilotesImpl@675d3402]" name="testListerPilotesSoldeNegatif" duration-ms="7" started-at="2018-05-15T17:04:04Z" depends-on-methods="be.iesca.aeroglide.test.TestNG_GestionPilotesImpl.testEnregistrerPilote" finished-at="2018-05-15T17:04:04Z">
          <reporter-output>
          </reporter-output>
        </test-method> <!-- testListerPilotesSoldeNegatif -->
        <test-method status="PASS" signature="testModifierPilotes()[pri:0, instance:be.iesca.aeroglide.test.TestNG_GestionPilotesImpl@675d3402]" name="testModifierPilotes" duration-ms="26" started-at="2018-05-15T17:04:04Z" depends-on-methods="be.iesca.aeroglide.test.TestNG_GestionPilotesImpl.testListerPilotes" finished-at="2018-05-15T17:04:04Z">
          <reporter-output>
          </reporter-output>
        </test-method> <!-- testModifierPilotes -->
        <test-method status="PASS" signature="testEnregistrerVol()[pri:0, instance:be.iesca.aeroglide.test.TestNG_GestionPilotesImpl@675d3402]" name="testEnregistrerVol" duration-ms="39" started-at="2018-05-15T17:04:04Z" depends-on-methods="be.iesca.aeroglide.test.TestNG_GestionPilotesImpl.testModifierPilotes" finished-at="2018-05-15T17:04:04Z">
          <reporter-output>
          </reporter-output>
        </test-method> <!-- testEnregistrerVol -->
        <test-method status="PASS" signature="testListerVols()[pri:0, instance:be.iesca.aeroglide.test.TestNG_GestionPilotesImpl@675d3402]" name="testListerVols" duration-ms="7" started-at="2018-05-15T17:04:04Z" depends-on-methods="be.iesca.aeroglide.test.TestNG_GestionPilotesImpl.testEnregistrerVol" finished-at="2018-05-15T17:04:04Z">
          <reporter-output>
          </reporter-output>
        </test-method> <!-- testListerVols -->
      </class> <!-- be.iesca.aeroglide.test.TestNG_GestionPilotesImpl -->
    </test> <!-- Default test -->
  </suite> <!-- Default suite -->
</testng-results>
