<?xml version="1.0" encoding="UTF-8"?>
<!-- Generated by org.testng.reporters.JUnitXMLReporter -->
<testsuite hostname="DESKTOP-U8KCQEQ" ignored="0" name="Default test" tests="5" failures="0" timestamp="14 mai 2018 12:14:33 GMT" time="0.563" errors="0">
  <testcase name="testEnregistrerPilote" time="0.032" classname="be.iesca.aeroglide.test.TestNG_GestionPilotesImpl"/>
  <testcase name="testListerPilotes" time="0.0" classname="be.iesca.aeroglide.test.TestNG_GestionPilotesImpl"/>
  <testcase name="testListerPilotesSoldeNegatif" time="0.0" classname="be.iesca.aeroglide.test.TestNG_GestionPilotesImpl"/>
  <testcase name="testModifierPilotes" time="0.015" classname="be.iesca.aeroglide.test.TestNG_GestionPilotesImpl"/>
  <testcase name="testEnregistrerVol" time="0.016" classname="be.iesca.aeroglide.test.TestNG_GestionPilotesImpl"/>
</testsuite> <!-- Default test -->
