<?xml version="1.0" encoding="UTF-8"?>
<!-- Generated by org.testng.reporters.JUnitXMLReporter -->
<testsuite hostname="PC-Olivier" name="tests des Daos" tests="24" failures="0" timestamp="15 Feb 2014 14:42:59 GMT" time="0.301" errors="0">
  <testcase name="testMock6" time="0.011" classname="be.iesca.tests.TestNG_Parser"/>
  <testcase name="testPostgres4" time="0.0" classname="be.iesca.tests.TestNG_Parser"/>
  <testcase name="testMock1" time="0.01" classname="be.iesca.tests.TestNG_Parser"/>
  <testcase name="testMock4" time="0.0" classname="be.iesca.tests.TestNG_Parser"/>
  <testcase name="testPostgres7" time="0.01" classname="be.iesca.tests.TestNG_Parser"/>
  <testcase name="testPostgres5" time="0.0" classname="be.iesca.tests.TestNG_Parser"/>
  <testcase name="testMock5" time="0.0" classname="be.iesca.tests.TestNG_Parser"/>
  <testcase name="testPostgres3" time="0.01" classname="be.iesca.tests.TestNG_Parser"/>
  <testcase name="testPostgres6" time="0.0" classname="be.iesca.tests.TestNG_Parser"/>
  <testcase name="testPostgres1" time="0.0" classname="be.iesca.tests.TestNG_Parser"/>
  <testcase name="testPostgres2" time="0.01" classname="be.iesca.tests.TestNG_Parser"/>
  <testcase name="testMock2" time="0.0" classname="be.iesca.tests.TestNG_Parser"/>
  <testcase name="testMock3" time="0.0" classname="be.iesca.tests.TestNG_Parser"/>
  <testcase name="testMockPostgres1" time="0.01" classname="be.iesca.tests.TestNG_Parser"/>
  <testcase name="testAjouter" time="0.04" classname="be.iesca.tests.TestNG_BiereDao"/>
  <testcase name="testLister" time="0.0" classname="be.iesca.tests.TestNG_BiereDao"/>
  <testcase name="testRechercher" time="0.02" classname="be.iesca.tests.TestNG_BiereDao"/>
  <testcase name="testModifier" time="0.0" classname="be.iesca.tests.TestNG_BiereDao"/>
  <testcase name="testSupprimer" time="0.01" classname="be.iesca.tests.TestNG_BiereDao"/>
  <testcase name="testListeTriee" time="0.0" classname="be.iesca.tests.TestNG_BiereDao"/>
  <testcase name="test1" time="0.03" classname="be.iesca.tests.TestNG_UserDao"/>
  <testcase name="test2" time="0.03" classname="be.iesca.tests.TestNG_UserDao"/>
  <testcase name="test3" time="0.03" classname="be.iesca.tests.TestNG_UserDao"/>
  <testcase name="test4" time="0.03" classname="be.iesca.tests.TestNG_UserDao"/>
</testsuite> <!-- tests des Daos -->
